
> cityoftraitors.com@0.0.1 build
> vite build

vite v7.2.4 building ssr environment for production...
transforming...
✓ 200 modules transformed.
rendering chunks...
vite v7.2.4 building client environment for production...
transforming...
✓ 163 modules transformed.
rendering chunks...
computing gzip size...
.svelte-kit/output/client/_app/version.json                        0.03 kB │ gzip:  0.05 kB
.svelte-kit/output/client/.vite/manifest.json                      5.16 kB │ gzip:  0.79 kB
.svelte-kit/output/client/_app/immutable/assets/3.Ds5lpLH1.css     0.31 kB │ gzip:  0.20 kB
.svelte-kit/output/client/_app/immutable/assets/4.vGoBT9_u.css     1.11 kB │ gzip:  0.48 kB
.svelte-kit/output/client/_app/immutable/assets/2.rv4orTbi.css     1.37 kB │ gzip:  0.62 kB
.svelte-kit/output/client/_app/immutable/assets/5.CuKwlUoZ.css     1.81 kB │ gzip:  0.56 kB
.svelte-kit/output/client/_app/immutable/assets/0.CPUTZRrQ.css     2.10 kB │ gzip:  0.86 kB
.svelte-kit/output/client/_app/immutable/chunks/gNbynAEA.js        0.04 kB │ gzip:  0.06 kB
.svelte-kit/output/client/_app/immutable/entry/start.BlKyVEbK.js   0.08 kB │ gzip:  0.09 kB
.svelte-kit/output/client/_app/immutable/chunks/BzPhcMNo.js        0.24 kB │ gzip:  0.20 kB
.svelte-kit/output/client/_app/immutable/chunks/ClGUg8u6.js        0.37 kB │ gzip:  0.27 kB
.svelte-kit/output/client/_app/immutable/chunks/D2paQeLY.js        0.51 kB │ gzip:  0.33 kB
.svelte-kit/output/client/_app/immutable/nodes/1.Dj80ZjZP.js       0.59 kB │ gzip:  0.36 kB
.svelte-kit/output/client/_app/immutable/nodes/3.lezpy1Ka.js       0.86 kB │ gzip:  0.50 kB
.svelte-kit/output/client/_app/immutable/chunks/_px0c8JM.js        0.96 kB │ gzip:  0.57 kB
.svelte-kit/output/client/_app/immutable/chunks/DmQ_0rA4.js        1.06 kB │ gzip:  0.60 kB
.svelte-kit/output/client/_app/immutable/nodes/2.NP6dxoWI.js       1.18 kB │ gzip:  0.59 kB
.svelte-kit/output/client/_app/immutable/nodes/0.CFV4vMu6.js       1.41 kB │ gzip:  0.76 kB
.svelte-kit/output/client/_app/immutable/chunks/C1BoPrHx.js        1.65 kB │ gzip:  0.74 kB
.svelte-kit/output/client/_app/immutable/nodes/5.Do6y8B8f.js       1.81 kB │ gzip:  0.99 kB
.svelte-kit/output/client/_app/immutable/chunks/BAAeApNP.js        5.29 kB │ gzip:  2.42 kB
.svelte-kit/output/client/_app/immutable/nodes/4.Cfxcv9zA.js       5.51 kB │ gzip:  2.76 kB
.svelte-kit/output/client/_app/immutable/entry/app.DHGfrdHj.js     6.47 kB │ gzip:  2.94 kB
.svelte-kit/output/client/_app/immutable/chunks/COHfvK3v.js       22.05 kB │ gzip:  8.58 kB
.svelte-kit/output/client/_app/immutable/chunks/C9jOPCkq.js       27.88 kB │ gzip: 10.96 kB
✓ built in 3.09s

[1;31m[500] GET /blog/welcome[0m
Error: Unknown variable dynamic import: ../../../../lib/posts/welcome.md
    at file:///home/cwisniewski/cityoftraitors.com/cityoftraitors.com/.svelte-kit/output/server/entries/pages/blog/_slug_/_page.js:5:108
    at new Promise (<anonymous>)
    at __variableDynamicImportRuntimeHelper (file:///home/cwisniewski/cityoftraitors.com/cityoftraitors.com/.svelte-kit/output/server/entries/pages/blog/_slug_/_page.js:4:10)
    at load (file:///home/cwisniewski/cityoftraitors.com/cityoftraitors.com/.svelte-kit/output/server/entries/pages/blog/_slug_/_page.js:9:22)
    at file:///home/cwisniewski/cityoftraitors.com/cityoftraitors.com/.svelte-kit/output/server/index.js:971:20
    at AsyncLocalStorage.run (node:async_hooks:346:14)
    at with_request_store (file:///home/cwisniewski/cityoftraitors.com/cityoftraitors.com/node_modules/@sveltejs/kit/src/exports/internal/event.js:77:20)
    at fn (file:///home/cwisniewski/cityoftraitors.com/cityoftraitors.com/.svelte-kit/output/server/index.js:969:20)
    at record_span (file:///home/cwisniewski/cityoftraitors.com/cityoftraitors.com/.svelte-kit/output/server/index.js:381:12)
    at load_data (file:///home/cwisniewski/cityoftraitors.com/cityoftraitors.com/.svelte-kit/output/server/index.js:960:24)

node:internal/event_target:1105
  process.nextTick(() => { throw err; });
                           ^
Error: 500 /blog/welcome (linked from /blog)
To suppress or handle this error, implement `handleHttpError` in https://svelte.dev/docs/kit/configuration#prerender
    at file:///home/cwisniewski/cityoftraitors.com/cityoftraitors.com/node_modules/@sveltejs/kit/src/core/config/options.js:220:13
    at file:///home/cwisniewski/cityoftraitors.com/cityoftraitors.com/node_modules/@sveltejs/kit/src/core/postbuild/prerender.js:75:25
    at save (file:///home/cwisniewski/cityoftraitors.com/cityoftraitors.com/node_modules/@sveltejs/kit/src/core/postbuild/prerender.js:464:4)
    at visit (file:///home/cwisniewski/cityoftraitors.com/cityoftraitors.com/node_modules/@sveltejs/kit/src/core/postbuild/prerender.js:283:3)
Emitted 'error' event on Worker instance at:
    at [kOnErrorMessage] (node:internal/worker:333:10)
    at [kOnMessage] (node:internal/worker:344:37)
    at MessagePort.<anonymous> (node:internal/worker:233:57)
    at [nodejs.internal.kHybridDispatch] (node:internal/event_target:831:20)
    at MessagePort.<anonymous> (node:internal/per_context/messageport:23:28)

Node.js v20.19.0
