
> cityoftraitors.com@0.0.1 build
> vite build

vite v7.2.4 building ssr environment for production...
transforming...
✓ 197 modules transformed.
rendering chunks...
vite v7.2.4 building client environment for production...
transforming...
✓ 160 modules transformed.
rendering chunks...
computing gzip size...
.svelte-kit/output/client/_app/version.json                        0.03 kB │ gzip:  0.05 kB
.svelte-kit/output/client/.vite/manifest.json                      5.01 kB │ gzip:  0.80 kB
.svelte-kit/output/client/_app/immutable/assets/3.Ds5lpLH1.css     0.31 kB │ gzip:  0.20 kB
.svelte-kit/output/client/_app/immutable/assets/2.BjZ14v4n.css     1.68 kB │ gzip:  0.68 kB
.svelte-kit/output/client/_app/immutable/assets/4.CuKwlUoZ.css     1.81 kB │ gzip:  0.56 kB
.svelte-kit/output/client/_app/immutable/assets/0.CPUTZRrQ.css     2.10 kB │ gzip:  0.86 kB
.svelte-kit/output/client/_app/immutable/chunks/C8L-y7eL.js        0.04 kB │ gzip:  0.06 kB
.svelte-kit/output/client/_app/immutable/entry/start.BEep5pzK.js   0.08 kB │ gzip:  0.09 kB
.svelte-kit/output/client/_app/immutable/chunks/CqQR_mpO.js        0.24 kB │ gzip:  0.20 kB
.svelte-kit/output/client/_app/immutable/chunks/DrwSWoeJ.js        0.37 kB │ gzip:  0.27 kB
.svelte-kit/output/client/_app/immutable/chunks/CTmEWrXX.js        0.51 kB │ gzip:  0.33 kB
.svelte-kit/output/client/_app/immutable/nodes/1.ZNmdEJ-3.js       0.59 kB │ gzip:  0.36 kB
.svelte-kit/output/client/_app/immutable/nodes/3.TsJMHEc8.js       0.86 kB │ gzip:  0.50 kB
.svelte-kit/output/client/_app/immutable/chunks/BQIsapS7.js        0.96 kB │ gzip:  0.57 kB
.svelte-kit/output/client/_app/immutable/chunks/D8jx7-Rt.js        1.06 kB │ gzip:  0.60 kB
.svelte-kit/output/client/_app/immutable/chunks/ec0v_5HL.js        1.22 kB │ gzip:  0.72 kB
.svelte-kit/output/client/_app/immutable/nodes/0.B0v2VPse.js       1.37 kB │ gzip:  0.76 kB
.svelte-kit/output/client/_app/immutable/nodes/4.Dg0GqTLD.js       1.84 kB │ gzip:  0.95 kB
.svelte-kit/output/client/_app/immutable/chunks/DNu25blW.js        2.88 kB │ gzip:  1.37 kB
.svelte-kit/output/client/_app/immutable/entry/app.CetqUlWz.js     5.11 kB │ gzip:  2.28 kB
.svelte-kit/output/client/_app/immutable/chunks/DFlYLig0.js        5.29 kB │ gzip:  2.43 kB
.svelte-kit/output/client/_app/immutable/nodes/2.ChvZ9Mdo.js       5.82 kB │ gzip:  2.87 kB
.svelte-kit/output/client/_app/immutable/chunks/JKstcJ0N.js       22.05 kB │ gzip:  8.58 kB
.svelte-kit/output/client/_app/immutable/chunks/Di0z-lLo.js       27.88 kB │ gzip: 10.96 kB
✓ built in 2.92s

[1;31m[404] GET /blog[0m

node:internal/event_target:1105
  process.nextTick(() => { throw err; });
                           ^
Error: 404 /blog (linked from /blog/welcome)
To suppress or handle this error, implement `handleHttpError` in https://svelte.dev/docs/kit/configuration#prerender
    at file:///home/cwisniewski/cityoftraitors.com/cityoftraitors.com/node_modules/@sveltejs/kit/src/core/config/options.js:220:13
    at file:///home/cwisniewski/cityoftraitors.com/cityoftraitors.com/node_modules/@sveltejs/kit/src/core/postbuild/prerender.js:75:25
    at save (file:///home/cwisniewski/cityoftraitors.com/cityoftraitors.com/node_modules/@sveltejs/kit/src/core/postbuild/prerender.js:464:4)
    at visit (file:///home/cwisniewski/cityoftraitors.com/cityoftraitors.com/node_modules/@sveltejs/kit/src/core/postbuild/prerender.js:283:3)
Emitted 'error' event on Worker instance at:
    at [kOnErrorMessage] (node:internal/worker:333:10)
    at [kOnMessage] (node:internal/worker:344:37)
    at MessagePort.<anonymous> (node:internal/worker:233:57)
    at [nodejs.internal.kHybridDispatch] (node:internal/event_target:831:20)
    at MessagePort.<anonymous> (node:internal/per_context/messageport:23:28)

Node.js v20.19.0
